<?xml version="1.0" encoding="UTF-8"?>
<!-- Generated by org.testng.reporters.JUnitXMLReporter -->
<testsuite ignored="0" hostname="Pi-PC" failures="0" tests="4" name="1" time="65.205" errors="0" timestamp="26 дек. 2019 22:01:59 GMT">
  <testcase classname="Ivi" name="browserLocale" time="0.038"/>
  <testcase classname="Ivi" name="imagesOfIviInGooglePictures" time="2.742"/>
  <testcase classname="Ivi" name="playIvi" time="26.017"/>
  <testcase classname="Ivi" name="wikiIvi" time="25.033"/>
</testsuite> <!-- 1 -->
